<?xml version="1.0" encoding="utf-8"?><testsuites name="pytest tests"><testsuite name="pytest" errors="0" failures="0" skipped="0" tests="11" time="52.711" timestamp="2026-07-16T16:19:55.845747+00:00" hostname="agent-env-dfc2cf3a-57cf-4364-87fc-51516562f774"><testcase classname="tests.test_prompt8_whitelist_and_beacons.TestWhitelist" name="test_cgm_whitelist_ok" time="5.520" /><testcase classname="tests.test_prompt8_whitelist_and_beacons.TestWhitelist" name="test_worker_whitelist_ok" time="2.870" /><testcase classname="tests.test_prompt8_whitelist_and_beacons.TestWhitelist" name="test_non_whitelisted_seeded_phone_rejects_demo_otp" time="2.889" /><testcase classname="tests.test_prompt8_whitelist_and_beacons.TestBeaconMacsEndpoint" name="test_no_token_401" time="0.175" /><testcase classname="tests.test_prompt8_whitelist_and_beacons.TestBeaconMacsEndpoint" name="test_with_cgm_token_200" time="5.520" /><testcase classname="tests.test_prompt8_whitelist_and_beacons.TestBeaconCRUD" name="test_01_create_beacon_normalizes_mac" time="4.367" /><testcase classname="tests.test_prompt8_whitelist_and_beacons.TestBeaconCRUD" name="test_02_duplicate_mac_409" time="17.242" /><testcase classname="tests.test_prompt8_whitelist_and_beacons.TestBeaconCRUD" name="test_03_invalid_mac_422" time="2.095" /><testcase classname="tests.test_prompt8_whitelist_and_beacons.TestBeaconCRUD" name="test_04_macs_endpoint_lists_active_mac" time="2.233" /><testcase classname="tests.test_prompt8_whitelist_and_beacons.TestBeaconCRUD" name="test_05_patch_inactive_removes_from_macs" time="6.882" /><testcase classname="tests.test_prompt8_whitelist_and_beacons.TestBeaconCRUD" name="test_06_delete_beacon" time="2.855" /></testsuite></testsuites>