<?xml version="1.0" encoding="utf-8"?><testsuites name="pytest tests"><testsuite name="pytest" errors="0" failures="1" skipped="0" tests="17" time="59.394" timestamp="2026-07-29T20:36:38.205560+00:00" hostname="agent-env-dfc2cf3a-57cf-4364-87fc-51516562f774"><testcase classname="tests.live_v1019_api.TestHomeConfig" name="test_sec_worker_gets_config" time="22.220" /><testcase classname="tests.live_v1019_api.TestHomeConfig" name="test_to_manager_gets_config" time="1.873" /><testcase classname="tests.live_v1019_api.TestHomeConfig" name="test_cgm_gets_config" time="1.654" /><testcase classname="tests.live_v1019_api.TestHomeConfig" name="test_prod_worker_fallback_null" time="2.184" /><testcase classname="tests.live_v1019_api.TestHomeCounts" name="test_counts_sec_worker" time="1.882" /><testcase classname="tests.live_v1019_api.TestHomeCounts" name="test_counts_to_manager" time="5.317" /><testcase classname="tests.live_v1019_api.TestVehicleAccess" name="test_to_manager_forbidden" time="0.813" /><testcase classname="tests.live_v1019_api.TestVehicleAccess" name="test_cgm_allowed" time="1.413" /><testcase classname="tests.live_v1019_api.TestVehicleAccess" name="test_sec_worker_allowed" time="1.215" /><testcase classname="tests.live_v1019_api.TestVehicleE2E" name="test_post_in" time="2.470"><failure message="AssertionError: {'log': {'id': 'aaa38c72-b796-4372-8c2e-2842b651687b', 'plate': 'MH45TA2001', 'vehicle_type': 'tractor', 'direction': 'in', ...}, 'duplicate': False}&#10;assert '' == 'MH45TA2001'&#10;  &#10;  - MH45TA2001">tests/live_v1019_api.py:155: in test_post_in
    assert body.get("plate", "").replace(" ", "").upper() == self.plate, body
E   AssertionError: {'log': {'id': 'aaa38c72-b796-4372-8c2e-2842b651687b', 'plate': 'MH45TA2001', 'vehicle_type': 'tractor', 'direction': 'in', ...}, 'duplicate': False}
E   assert '' == 'MH45TA2001'
E     
E     - MH45TA2001</failure></testcase><testcase classname="tests.live_v1019_api.TestVehicleE2E" name="test_inside_lists_plate" time="2.795" /><testcase classname="tests.live_v1019_api.TestVehicleE2E" name="test_idempotent_client_uuid" time="3.857" /><testcase classname="tests.live_v1019_api.TestVehicleE2E" name="test_post_out_pairing" time="4.616" /><testcase classname="tests.live_v1019_api.TestVehicleE2E" name="test_summary" time="1.862" /><testcase classname="tests.live_v1019_api.TestVehicleE2E" name="test_export_xlsx" time="1.385" /><testcase classname="tests.live_v1019_api.TestIncidentsPagination" name="test_limit_two" time="2.490" /><testcase classname="tests.live_v1019_api.TestIncidentsPagination" name="test_default_still_works" time="1.235" /></testsuite></testsuites>