<?xml version="1.0" encoding="utf-8"?><testsuites name="pytest tests"><testsuite name="pytest" errors="0" failures="0" skipped="1" tests="6" time="6.361" timestamp="2026-07-30T22:38:39.932271+00:00" hostname="agent-env-dfc2cf3a-57cf-4364-87fc-51516562f774"><testcase classname="tests.live_v1022_e2e" name="test_no_punch_out_row_in_flagged_queue_and_disputable" time="2.319" /><testcase classname="tests.live_v1022_e2e" name="test_late_punch_out_clears_no_punch_out_flag" time="0.130" /><testcase classname="tests.live_v1022_e2e" name="test_incident_client_uuid_dedup" time="0.701" /><testcase classname="tests.live_v1022_e2e" name="test_incident_without_client_uuid_creates_two_rows" time="1.957" /><testcase classname="tests.live_v1022_e2e" name="test_form_submit_client_uuid_dedup" time="0.787" /><testcase classname="tests.live_v1022_e2e" name="test_shift_swap_happy_path_and_double_decide_409" time="0.422"><skipped type="pytest.skip" message="swap create failed on live DB: 400 {&quot;detail&quot;:&quot;Both employees are on the same shift that day&quot;}">/app/backend/tests/live_v1022_e2e.py:273: swap create failed on live DB: 400 {"detail":"Both employees are on the same shift that day"}</skipped></testcase></testsuite></testsuites>