<?xml version="1.0" encoding="utf-8"?><testsuites name="pytest tests"><testsuite name="pytest" errors="0" failures="0" skipped="0" tests="136" time="21.598" timestamp="2026-07-15T17:05:18.422152+00:00" hostname="agent-env-dfc2cf3a-57cf-4364-87fc-51516562f774"><testcase classname="tests.test_admin_misc" name="test_admin_settings_patch_cgm_only" time="0.480" /><testcase classname="tests.test_admin_misc" name="test_assign_manager" time="0.160" /><testcase classname="tests.test_admin_misc" name="test_time_office_fixes_seeded_phone" time="0.233" /><testcase classname="tests.test_admin_misc" name="test_beacon_crud" time="0.189" /><testcase classname="tests.test_admin_misc" name="test_file_upload_requires_token" time="0.002" /><testcase classname="tests.test_admin_misc" name="test_file_upload_and_serve" time="0.042" /><testcase classname="tests.test_admin_misc" name="test_file_upload_rate_limit" time="0.053" /><testcase classname="tests.test_admin_misc" name="test_form_definition_versioning" time="0.224" /><testcase classname="tests.test_admin_misc" name="test_notifications_flow" time="0.237" /><testcase classname="tests.test_admin_misc" name="test_departments_public_list" time="0.026" /><testcase classname="tests.test_admin_misc" name="test_admin_employee_search_cgm_only" time="0.176" /><testcase classname="tests.test_admin_misc" name="test_admin_employee_missing_phone_filter" time="0.069" /><testcase classname="tests.test_ai_endpoints" name="test_anpr_vision_valid_plate" time="0.071" /><testcase classname="tests.test_ai_endpoints" name="test_anpr_fallback_to_detect_text" time="0.068" /><testcase classname="tests.test_ai_endpoints" name="test_anpr_nothing_found" time="0.071" /><testcase classname="tests.test_ai_endpoints" name="test_anpr_missing_photo_404" time="0.069" /><testcase classname="tests.test_ai_endpoints" name="test_gauge_read_in_range" time="0.070" /><testcase classname="tests.test_ai_endpoints" name="test_gauge_read_out_of_range_warns" time="0.068" /><testcase classname="tests.test_ai_endpoints" name="test_voice_fill_maps_fields" time="0.093" /><testcase classname="tests.test_ai_endpoints" name="test_voice_fill_unknown_form_404" time="0.068" /><testcase classname="tests.test_ai_endpoints" name="test_chat_no_docs_returns_honest_fallback" time="0.120" /><testcase classname="tests.test_ai_endpoints" name="test_sop_doc_upload_requires_cgm" time="0.067" /><testcase classname="tests.test_ai_endpoints" name="test_sop_doc_upload_and_list" time="0.200" /><testcase classname="tests.test_ai_endpoints" name="test_ai_usage_endpoint" time="0.136" /><testcase classname="tests.test_ai_endpoints" name="test_backup_now_permissions_and_local_skip" time="0.137" /><testcase classname="tests.test_ai_endpoints" name="test_incident_out_includes_severity_reason" time="0.111" /><testcase classname="tests.test_attendance" name="test_punch_in_verified_plus" time="0.113" /><testcase classname="tests.test_attendance" name="test_punch_in_verified_no_beacon" time="0.107" /><testcase classname="tests.test_attendance" name="test_punch_in_flagged_outside_geofence" time="0.107" /><testcase classname="tests.test_attendance" name="test_duplicate_punch_in_409" time="0.075" /><testcase classname="tests.test_attendance" name="test_punch_out" time="0.105" /><testcase classname="tests.test_attendance" name="test_late_computation" time="0.107" /><testcase classname="tests.test_attendance" name="test_selfie_mandatory" time="0.068" /><testcase classname="tests.test_attendance" name="test_flagged_list_and_approval" time="0.211" /><testcase classname="tests.test_attendance" name="test_attendance_mine" time="0.071" /><testcase classname="tests.test_attendance" name="test_worker_cannot_view_department_attendance" time="0.067" /><testcase classname="tests.test_attendance" name="test_attendance_summary" time="0.072" /><testcase classname="tests.test_auth" name="test_send_otp_success" time="0.028" /><testcase classname="tests.test_auth" name="test_send_otp_invalid_phone" time="0.002" /><testcase classname="tests.test_auth" name="test_send_otp_rate_limit" time="0.078" /><testcase classname="tests.test_auth" name="test_verify_wrong_otp" time="0.033" /><testcase classname="tests.test_auth" name="test_verify_lockout_after_5_wrong" time="0.164" /><testcase classname="tests.test_auth" name="test_verify_demo_success" time="0.036" /><testcase classname="tests.test_auth" name="test_verify_unknown_phone_is_new_with_registration_token" time="0.032" /><testcase classname="tests.test_auth" name="test_demo_otp_rejected_for_unknown_phone" time="0.031" /><testcase classname="tests.test_auth" name="test_refresh_token" time="0.098" /><testcase classname="tests.test_auth" name="test_refresh_with_access_token_rejected" time="0.036" /><testcase classname="tests.test_auth" name="test_me_requires_auth" time="0.001" /><testcase classname="tests.test_auth" name="test_me_returns_profile" time="0.070" /><testcase classname="tests.test_auth" name="test_patch_me_language" time="0.196" /><testcase classname="tests.test_auth" name="test_login_writes_audit" time="0.062" /><testcase classname="tests.test_dashboard" name="test_worker_gets_403_on_all_dashboard_endpoints" time="0.200" /><testcase classname="tests.test_dashboard" name="test_manager_overview_scoped_to_own_dept" time="0.093" /><testcase classname="tests.test_dashboard" name="test_cgm_overview_sees_all_departments" time="0.088" /><testcase classname="tests.test_dashboard" name="test_manager_cannot_open_other_dept_drilldown" time="0.117" /><testcase classname="tests.test_dashboard" name="test_approvals_aging_scoping_and_shape" time="0.218" /><testcase classname="tests.test_dashboard" name="test_reports_and_audit_cgm_only" time="0.199" /><testcase classname="tests.test_dashboard" name="test_ai_usage_includes_7day_history" time="0.067" /><testcase classname="tests.test_dashboard" name="test_health_reports_db_seeded" time="0.001" /><testcase classname="tests.test_face_verification" name="test_score_90_plus_verifies" time="0.142" /><testcase classname="tests.test_face_verification" name="test_score_below_80_flags_and_notifies" time="0.148" /><testcase classname="tests.test_face_verification" name="test_borderline_80_to_89_stores_score_only" time="0.140" /><testcase classname="tests.test_face_verification" name="test_missing_reference_bootstraps" time="0.144" /><testcase classname="tests.test_face_verification" name="test_rekognition_error_leaves_null_never_flags" time="0.138" /><testcase classname="tests.test_face_verification" name="test_reset_reference_selfie_endpoint" time="0.199" /><testcase classname="tests.test_face_verification" name="test_flagged_queue_exposes_face_fields" time="0.212" /><testcase classname="tests.test_face_verification" name="test_bootstrap_approve_keeps_reference" time="0.244" /><testcase classname="tests.test_face_verification" name="test_bootstrap_reject_clears_reference" time="0.315" /><testcase classname="tests.test_forms" name="test_worker_sees_only_own_dept_forms" time="0.101" /><testcase classname="tests.test_forms" name="test_manager_can_view_other_dept_forms" time="0.069" /><testcase classname="tests.test_forms" name="test_submit_valid_form" time="0.137" /><testcase classname="tests.test_forms" name="test_submit_missing_required_field" time="0.100" /><testcase classname="tests.test_forms" name="test_submit_invalid_select_option" time="0.100" /><testcase classname="tests.test_forms" name="test_submit_number_out_of_range" time="0.100" /><testcase classname="tests.test_forms" name="test_manager_approves_submission" time="0.258" /><testcase classname="tests.test_forms" name="test_manager_rejects_with_reason" time="0.237" /><testcase classname="tests.test_forms" name="test_worker_cannot_approve" time="0.203" /><testcase classname="tests.test_forms" name="test_submissions_list_scoped_to_worker" time="0.180" /><testcase classname="tests.test_forms" name="test_manager_sees_department_submissions" time="0.080" /><testcase classname="tests.test_incidents" name="test_incident_assigned_to_dept_manager" time="0.131" /><testcase classname="tests.test_incidents" name="test_incident_without_dept_manager_goes_to_cgm" time="0.132" /><testcase classname="tests.test_incidents" name="test_incidents_mine" time="0.072" /><testcase classname="tests.test_incidents" name="test_incident_detail_includes_timeline" time="0.141" /><testcase classname="tests.test_incidents" name="test_manager_updates_status_with_timeline_and_audit" time="0.371" /><testcase classname="tests.test_incidents" name="test_worker_cannot_update_status" time="0.139" /><testcase classname="tests.test_incidents" name="test_incident_list_role_scoping" time="0.140" /><testcase classname="tests.test_incidents" name="test_escalation_sweep_escalates_stale_incident" time="0.202" /><testcase classname="tests.test_incidents" name="test_escalation_without_md_stays_with_cgm" time="0.258" /><testcase classname="tests.test_incidents" name="test_escalation_sweep_escalates_stale_submission" time="0.227" /><testcase classname="tests.test_phase3_additions" name="test_swap_candidates_worker" time="0.079" /><testcase classname="tests.test_phase3_additions" name="test_swap_candidates_requires_eligibility" time="0.068" /><testcase classname="tests.test_phase3_additions" name="test_swap_candidates_rejects_past_date" time="0.066" /><testcase classname="tests.test_phase3_additions" name="test_swap_cancel_and_enrichment" time="0.349" /><testcase classname="tests.test_phase3_additions" name="test_staff_department_scope" time="0.270" /><testcase classname="tests.test_phase3_additions" name="test_worker_cannot_use_department_scope_to_see_others" time="0.196" /><testcase classname="tests.test_phase3_additions" name="test_submission_detail_scoping" time="0.447" /><testcase classname="tests.test_phase3_additions" name="test_flagged_attendance_includes_employee_name" time="0.176" /><testcase classname="tests.test_prompt7" name="test_video_upload_and_40mb_cap" time="0.135" /><testcase classname="tests.test_prompt7" name="test_video_magic_bytes_enforced" time="0.039" /><testcase classname="tests.test_prompt7" name="test_presign_content_type_for_video" time="0.001" /><testcase classname="tests.test_prompt7" name="test_video_incident_no_photo_ok_and_photo_or_video_required" time="0.140" /><testcase classname="tests.test_prompt7" name="test_set_password_role_gated" time="0.469" /><testcase classname="tests.test_prompt7" name="test_password_login_happy_and_forced_change" time="1.592" /><testcase classname="tests.test_prompt7" name="test_password_login_lockout_after_5" time="1.584" /><testcase classname="tests.test_prompt7" name="test_worker_rejected_on_password_login_even_with_password" time="0.502" /><testcase classname="tests.test_prompt7" name="test_plate_search_scoped" time="0.374" /><testcase classname="tests.test_prompt7" name="test_form_submission_address_text" time="0.094" /><testcase classname="tests.test_register" name="test_register_without_token_401" time="0.002" /><testcase classname="tests.test_register" name="test_register_token_phone_mismatch_403" time="0.032" /><testcase classname="tests.test_register" name="test_register_with_registration_token_creates_pending" time="0.103" /><testcase classname="tests.test_register" name="test_pending_user_cannot_access_forms" time="0.066" /><testcase classname="tests.test_register" name="test_pending_user_can_create_incident" time="0.103" /><testcase classname="tests.test_register" name="test_manager_approves_registration" time="0.267" /><testcase classname="tests.test_register" name="test_approved_user_can_now_access_forms" time="0.068" /><testcase classname="tests.test_shifts" name="test_shifts_mine" time="0.077" /><testcase classname="tests.test_shifts" name="test_swap_happy_path" time="0.491" /><testcase classname="tests.test_shifts" name="test_swap_ineligible_employee" time="0.092" /><testcase classname="tests.test_shifts" name="test_swap_different_department_rejected" time="0.091" /><testcase classname="tests.test_shifts" name="test_swap_same_shift_rejected" time="0.095" /><testcase classname="tests.test_shifts" name="test_swap_target_declines" time="0.244" /><testcase classname="tests.test_shifts" name="test_worker_cannot_decide_swap" time="0.317" /><testcase classname="tests.test_sms_sender" name="test_exact_template_substitution" time="0.001" /><testcase classname="tests.test_sms_sender" name="test_sendsms_payload_shape" time="0.001" /><testcase classname="tests.test_sms_sender" name="test_provider_error_code_raises" time="0.001" /><testcase classname="tests.test_sms_sender" name="test_send_falls_back_to_demo_in_nonprod" time="0.001" /><testcase classname="tests.test_sms_sender" name="test_send_raises_in_prod" time="0.001" /><testcase classname="tests.test_sms_sender" name="test_get_otp_sender_mode_and_not_configured" time="0.001" /><testcase classname="tests.test_sms_sender" name="test_admin_test_sms_endpoint" time="0.166" /><testcase classname="tests.test_ux_pack" name="test_ai_classifier_stores_suggestion" time="0.176" /><testcase classname="tests.test_ux_pack" name="test_worker_confirms_ai_suggestion" time="0.234" /><testcase classname="tests.test_ux_pack" name="test_worker_changes_routing" time="0.193" /><testcase classname="tests.test_ux_pack" name="test_ai_timeout_auto_applies" time="0.234" /><testcase classname="tests.test_ux_pack" name="test_punchout_reminder_once_per_day" time="0.213" /><testcase classname="tests.test_ux_pack" name="test_extract_plate_regex" time="0.001" /><testcase classname="tests.test_ux_pack" name="test_anpr_plate_stored_and_silent" time="0.311" /><testcase classname="tests.test_ux_pack" name="test_selfies_excluded_from_anpr" time="0.002" /></testsuite></testsuites>