<?xml version="1.0" encoding="utf-8"?><testsuites name="pytest tests"><testsuite name="pytest" errors="0" failures="0" skipped="0" tests="7" time="15.581" timestamp="2026-07-30T18:46:55.329849+00:00" hostname="agent-env-dfc2cf3a-57cf-4364-87fc-51516562f774"><testcase classname="tests.test_live_voice_tts_v1021" name="test_tts_generate_then_cached" time="5.760" /><testcase classname="tests.test_live_voice_tts_v1021" name="test_tts_empty_text_422" time="0.150" /><testcase classname="tests.test_live_voice_tts_v1021" name="test_tts_601_char_text_422" time="0.124" /><testcase classname="tests.test_live_voice_tts_v1021" name="test_tts_no_auth_401" time="0.120" /><testcase classname="tests.test_live_voice_tts_v1021" name="test_voice_describe_no_auth_401" time="0.150" /><testcase classname="tests.test_live_voice_tts_v1021" name="test_voice_describe_missing_audio_404" time="0.296" /><testcase classname="tests.test_live_voice_tts_v1021" name="test_voice_describe_live_silence_returns_200" time="8.945" /></testsuite></testsuites>