<?xml version="1.0" encoding="utf-8"?><testsuites name="pytest tests"><testsuite name="pytest" errors="0" failures="0" skipped="0" tests="118" time="14.946" timestamp="2026-07-15T12:04:05.632405+00:00" hostname="agent-env-dfc2cf3a-57cf-4364-87fc-51516562f774"><testcase classname="tests.test_admin_misc" name="test_admin_settings_patch_cgm_only" time="0.436" /><testcase classname="tests.test_admin_misc" name="test_assign_manager" time="0.160" /><testcase classname="tests.test_admin_misc" name="test_time_office_fixes_seeded_phone" time="0.226" /><testcase classname="tests.test_admin_misc" name="test_beacon_crud" time="0.186" /><testcase classname="tests.test_admin_misc" name="test_file_upload_requires_token" time="0.002" /><testcase classname="tests.test_admin_misc" name="test_file_upload_and_serve" time="0.042" /><testcase classname="tests.test_admin_misc" name="test_file_upload_rate_limit" time="0.052" /><testcase classname="tests.test_admin_misc" name="test_form_definition_versioning" time="0.223" /><testcase classname="tests.test_admin_misc" name="test_notifications_flow" time="0.230" /><testcase classname="tests.test_admin_misc" name="test_departments_public_list" time="0.025" /><testcase classname="tests.test_admin_misc" name="test_admin_employee_search_cgm_only" time="0.170" /><testcase classname="tests.test_admin_misc" name="test_admin_employee_missing_phone_filter" time="0.067" /><testcase classname="tests.test_ai_endpoints" name="test_anpr_vision_valid_plate" time="0.070" /><testcase classname="tests.test_ai_endpoints" name="test_anpr_fallback_to_detect_text" time="0.068" /><testcase classname="tests.test_ai_endpoints" name="test_anpr_nothing_found" time="0.071" /><testcase classname="tests.test_ai_endpoints" name="test_anpr_missing_photo_404" time="0.068" /><testcase classname="tests.test_ai_endpoints" name="test_gauge_read_in_range" time="0.068" /><testcase classname="tests.test_ai_endpoints" name="test_gauge_read_out_of_range_warns" time="0.066" /><testcase classname="tests.test_ai_endpoints" name="test_voice_fill_maps_fields" time="0.093" /><testcase classname="tests.test_ai_endpoints" name="test_voice_fill_unknown_form_404" time="0.071" /><testcase classname="tests.test_ai_endpoints" name="test_chat_no_docs_returns_honest_fallback" time="0.119" /><testcase classname="tests.test_ai_endpoints" name="test_sop_doc_upload_requires_cgm" time="0.068" /><testcase classname="tests.test_ai_endpoints" name="test_sop_doc_upload_and_list" time="0.196" /><testcase classname="tests.test_ai_endpoints" name="test_ai_usage_endpoint" time="0.133" /><testcase classname="tests.test_ai_endpoints" name="test_backup_now_permissions_and_local_skip" time="0.132" /><testcase classname="tests.test_ai_endpoints" name="test_incident_out_includes_severity_reason" time="0.103" /><testcase classname="tests.test_attendance" name="test_punch_in_verified_plus" time="0.110" /><testcase classname="tests.test_attendance" name="test_punch_in_verified_no_beacon" time="0.106" /><testcase classname="tests.test_attendance" name="test_punch_in_flagged_outside_geofence" time="0.108" /><testcase classname="tests.test_attendance" name="test_duplicate_punch_in_409" time="0.073" /><testcase classname="tests.test_attendance" name="test_punch_out" time="0.104" /><testcase classname="tests.test_attendance" name="test_late_computation" time="0.106" /><testcase classname="tests.test_attendance" name="test_selfie_mandatory" time="0.068" /><testcase classname="tests.test_attendance" name="test_flagged_list_and_approval" time="0.205" /><testcase classname="tests.test_attendance" name="test_attendance_mine" time="0.071" /><testcase classname="tests.test_attendance" name="test_worker_cannot_view_department_attendance" time="0.067" /><testcase classname="tests.test_attendance" name="test_attendance_summary" time="0.072" /><testcase classname="tests.test_auth" name="test_send_otp_success" time="0.027" /><testcase classname="tests.test_auth" name="test_send_otp_invalid_phone" time="0.002" /><testcase classname="tests.test_auth" name="test_send_otp_rate_limit" time="0.076" /><testcase classname="tests.test_auth" name="test_verify_wrong_otp" time="0.033" /><testcase classname="tests.test_auth" name="test_verify_lockout_after_5_wrong" time="0.161" /><testcase classname="tests.test_auth" name="test_verify_demo_success" time="0.035" /><testcase classname="tests.test_auth" name="test_verify_unknown_phone_is_new_with_registration_token" time="0.031" /><testcase classname="tests.test_auth" name="test_demo_otp_rejected_for_unknown_phone" time="0.031" /><testcase classname="tests.test_auth" name="test_refresh_token" time="0.099" /><testcase classname="tests.test_auth" name="test_refresh_with_access_token_rejected" time="0.038" /><testcase classname="tests.test_auth" name="test_me_requires_auth" time="0.002" /><testcase classname="tests.test_auth" name="test_me_returns_profile" time="0.067" /><testcase classname="tests.test_auth" name="test_patch_me_language" time="0.196" /><testcase classname="tests.test_auth" name="test_login_writes_audit" time="0.060" /><testcase classname="tests.test_dashboard" name="test_worker_gets_403_on_all_dashboard_endpoints" time="0.193" /><testcase classname="tests.test_dashboard" name="test_manager_overview_scoped_to_own_dept" time="0.090" /><testcase classname="tests.test_dashboard" name="test_cgm_overview_sees_all_departments" time="0.088" /><testcase classname="tests.test_dashboard" name="test_manager_cannot_open_other_dept_drilldown" time="0.115" /><testcase classname="tests.test_dashboard" name="test_approvals_aging_scoping_and_shape" time="0.167" /><testcase classname="tests.test_dashboard" name="test_reports_and_audit_cgm_only" time="0.198" /><testcase classname="tests.test_dashboard" name="test_ai_usage_includes_7day_history" time="0.070" /><testcase classname="tests.test_dashboard" name="test_health_reports_db_seeded" time="0.002" /><testcase classname="tests.test_face_verification" name="test_score_90_plus_verifies" time="0.140" /><testcase classname="tests.test_face_verification" name="test_score_below_80_flags_and_notifies" time="0.199" /><testcase classname="tests.test_face_verification" name="test_borderline_80_to_89_stores_score_only" time="0.140" /><testcase classname="tests.test_face_verification" name="test_missing_reference_bootstraps" time="0.143" /><testcase classname="tests.test_face_verification" name="test_rekognition_error_leaves_null_never_flags" time="0.139" /><testcase classname="tests.test_face_verification" name="test_reset_reference_selfie_endpoint" time="0.198" /><testcase classname="tests.test_face_verification" name="test_flagged_queue_exposes_face_fields" time="0.210" /><testcase classname="tests.test_face_verification" name="test_bootstrap_approve_keeps_reference" time="0.248" /><testcase classname="tests.test_face_verification" name="test_bootstrap_reject_clears_reference" time="0.314" /><testcase classname="tests.test_forms" name="test_worker_sees_only_own_dept_forms" time="0.100" /><testcase classname="tests.test_forms" name="test_manager_can_view_other_dept_forms" time="0.068" /><testcase classname="tests.test_forms" name="test_submit_valid_form" time="0.134" /><testcase classname="tests.test_forms" name="test_submit_missing_required_field" time="0.099" /><testcase classname="tests.test_forms" name="test_submit_invalid_select_option" time="0.100" /><testcase classname="tests.test_forms" name="test_submit_number_out_of_range" time="0.103" /><testcase classname="tests.test_forms" name="test_manager_approves_submission" time="0.259" /><testcase classname="tests.test_forms" name="test_manager_rejects_with_reason" time="0.232" /><testcase classname="tests.test_forms" name="test_worker_cannot_approve" time="0.202" /><testcase classname="tests.test_forms" name="test_submissions_list_scoped_to_worker" time="0.177" /><testcase classname="tests.test_forms" name="test_manager_sees_department_submissions" time="0.076" /><testcase classname="tests.test_incidents" name="test_incident_assigned_to_dept_manager" time="0.127" /><testcase classname="tests.test_incidents" name="test_incident_without_dept_manager_goes_to_cgm" time="0.128" /><testcase classname="tests.test_incidents" name="test_incidents_mine" time="0.071" /><testcase classname="tests.test_incidents" name="test_incident_detail_includes_timeline" time="0.148" /><testcase classname="tests.test_incidents" name="test_manager_updates_status_with_timeline_and_audit" time="0.332" /><testcase classname="tests.test_incidents" name="test_worker_cannot_update_status" time="0.139" /><testcase classname="tests.test_incidents" name="test_incident_list_role_scoping" time="0.141" /><testcase classname="tests.test_incidents" name="test_escalation_sweep_escalates_stale_incident" time="0.199" /><testcase classname="tests.test_incidents" name="test_escalation_without_md_stays_with_cgm" time="0.257" /><testcase classname="tests.test_incidents" name="test_escalation_sweep_escalates_stale_submission" time="0.226" /><testcase classname="tests.test_phase3_additions" name="test_swap_candidates_worker" time="0.078" /><testcase classname="tests.test_phase3_additions" name="test_swap_candidates_requires_eligibility" time="0.065" /><testcase classname="tests.test_phase3_additions" name="test_swap_candidates_rejects_past_date" time="0.066" /><testcase classname="tests.test_phase3_additions" name="test_swap_cancel_and_enrichment" time="0.352" /><testcase classname="tests.test_phase3_additions" name="test_staff_department_scope" time="0.269" /><testcase classname="tests.test_phase3_additions" name="test_worker_cannot_use_department_scope_to_see_others" time="0.195" /><testcase classname="tests.test_phase3_additions" name="test_submission_detail_scoping" time="0.442" /><testcase classname="tests.test_phase3_additions" name="test_flagged_attendance_includes_employee_name" time="0.174" /><testcase classname="tests.test_register" name="test_register_without_token_401" time="0.002" /><testcase classname="tests.test_register" name="test_register_token_phone_mismatch_403" time="0.031" /><testcase classname="tests.test_register" name="test_register_with_registration_token_creates_pending" time="0.100" /><testcase classname="tests.test_register" name="test_pending_user_cannot_access_forms" time="0.066" /><testcase classname="tests.test_register" name="test_pending_user_can_create_incident" time="0.102" /><testcase classname="tests.test_register" name="test_manager_approves_registration" time="0.126" /><testcase classname="tests.test_register" name="test_approved_user_can_now_access_forms" time="0.067" /><testcase classname="tests.test_shifts" name="test_shifts_mine" time="0.076" /><testcase classname="tests.test_shifts" name="test_swap_happy_path" time="0.491" /><testcase classname="tests.test_shifts" name="test_swap_ineligible_employee" time="0.092" /><testcase classname="tests.test_shifts" name="test_swap_different_department_rejected" time="0.091" /><testcase classname="tests.test_shifts" name="test_swap_same_shift_rejected" time="0.096" /><testcase classname="tests.test_shifts" name="test_swap_target_declines" time="0.243" /><testcase classname="tests.test_shifts" name="test_worker_cannot_decide_swap" time="0.318" /><testcase classname="tests.test_sms_sender" name="test_exact_template_substitution" time="0.001" /><testcase classname="tests.test_sms_sender" name="test_sendsms_payload_shape" time="0.001" /><testcase classname="tests.test_sms_sender" name="test_provider_error_code_raises" time="0.001" /><testcase classname="tests.test_sms_sender" name="test_send_falls_back_to_demo_in_nonprod" time="0.001" /><testcase classname="tests.test_sms_sender" name="test_send_raises_in_prod" time="0.001" /><testcase classname="tests.test_sms_sender" name="test_get_otp_sender_mode_and_not_configured" time="0.001" /><testcase classname="tests.test_sms_sender" name="test_admin_test_sms_endpoint" time="0.167" /></testsuite></testsuites>