<?xml version="1.0" encoding="utf-8"?><testsuites name="pytest tests"><testsuite name="pytest" errors="0" failures="0" skipped="0" tests="17" time="175.043" timestamp="2026-07-21T11:29:00.413592+00:00" hostname="agent-env-dfc2cf3a-57cf-4364-87fc-51516562f774"><testcase classname="tests.live_prompt17_api" name="test_health" time="3.203" /><testcase classname="tests.live_prompt17_api" name="test_me_has_face_reference_field" time="7.370" /><testcase classname="tests.live_prompt17_api" name="test_announcement_time_office_own_dept" time="7.310" /><testcase classname="tests.live_prompt17_api" name="test_announcement_time_office_other_dept_forbidden" time="2.216" /><testcase classname="tests.live_prompt17_api" name="test_announcement_time_office_all_forbidden" time="2.019" /><testcase classname="tests.live_prompt17_api" name="test_announcement_cgm_all" time="32.167" /><testcase classname="tests.live_prompt17_api" name="test_escalation_targets" time="5.329" /><testcase classname="tests.live_prompt17_api" name="test_escalate_department_and_employee" time="35.146" /><testcase classname="tests.live_prompt17_api" name="test_emp_id_suggest" time="2.661" /><testcase classname="tests.live_prompt17_api" name="test_direct_add_worker_by_time_office" time="10.843" /><testcase classname="tests.live_prompt17_api" name="test_direct_add_manager_by_time_office_forbidden" time="4.883" /><testcase classname="tests.live_prompt17_api" name="test_direct_add_manager_by_cgm" time="7.846" /><testcase classname="tests.live_prompt17_api" name="test_patch_worker_rename_by_time_office" time="5.636" /><testcase classname="tests.live_prompt17_api" name="test_patch_grant_manager_by_time_office_forbidden" time="3.305" /><testcase classname="tests.live_prompt17_api" name="test_patch_manager_account_by_time_office_forbidden" time="8.014" /><testcase classname="tests.live_prompt17_api" name="test_role_change_propagates_without_relogin" time="11.015" /><testcase classname="tests.live_prompt17_api" name="test_face_enroll_flow" time="25.997" /></testsuite></testsuites>