<?xml version="1.0" encoding="utf-8"?><testsuites name="pytest tests"><testsuite name="pytest" errors="0" failures="0" skipped="3" tests="23" time="5.831" timestamp="2026-07-14T01:21:11.558013+00:00" hostname="agent-env-dfc2cf3a-57cf-4364-87fc-51516562f774"><testcase classname="tests.test_live_api.TestHealthAndAuth" name="test_health" time="0.352" /><testcase classname="tests.test_live_api.TestHealthAndAuth" name="test_send_otp_rate_limit" time="0.430" /><testcase classname="tests.test_live_api.TestHealthAndAuth" name="test_verify_otp_prod_manager" time="0.113" /><testcase classname="tests.test_live_api.TestHealthAndAuth" name="test_verify_otp_wrong_otp" time="0.095" /><testcase classname="tests.test_live_api.TestHealthAndAuth" name="test_verify_otp_unknown_phone_new" time="0.102" /><testcase classname="tests.test_live_api.TestHealthAndAuth" name="test_refresh_and_me" time="0.199" /><testcase classname="tests.test_live_api.TestDepartments" name="test_public_list" time="0.105" /><testcase classname="tests.test_live_api.TestForms" name="test_worker_forms_scoped_to_dept" time="0.221" /><testcase classname="tests.test_live_api.TestForms" name="test_form_submit_happy_and_invalid" time="0.437" /><testcase classname="tests.test_live_api.TestForms" name="test_worker_submissions_scoped" time="0.199" /><testcase classname="tests.test_live_api.TestIncidents" name="test_incident_create_and_timeline" time="0.734" /><testcase classname="tests.test_live_api.TestAttendance" name="test_punch_in_verified_plus" time="0.208"><skipped type="pytest.skip" message="attendance already exists for today for this worker (persistent DB)">/app/backend/tests/test_live_api.py:265: attendance already exists for today for this worker (persistent DB)</skipped></testcase><testcase classname="tests.test_live_api.TestAttendance" name="test_punch_in_verified_no_beacon" time="0.214"><skipped type="pytest.skip" message="attendance already exists for today for this worker">/app/backend/tests/test_live_api.py:274: attendance already exists for today for this worker</skipped></testcase><testcase classname="tests.test_live_api.TestAttendance" name="test_punch_in_flagged_far" time="0.206"><skipped type="pytest.skip" message="attendance already exists for today for this worker">/app/backend/tests/test_live_api.py:283: attendance already exists for today for this worker</skipped></testcase><testcase classname="tests.test_live_api.TestAttendance" name="test_punch_in_duplicate_conflict" time="0.320" /><testcase classname="tests.test_live_api.TestAttendance" name="test_flagged_listing_time_office_only" time="0.346" /><testcase classname="tests.test_live_api.TestAttendance" name="test_dashboard_summary_cgm" time="0.111" /><testcase classname="tests.test_live_api.TestShifts" name="test_shifts_mine" time="0.111" /><testcase classname="tests.test_live_api.TestShifts" name="test_swap_same_shift_and_cross_dept" time="0.520" /><testcase classname="tests.test_live_api.TestFiles" name="test_upload_png_and_serve" time="0.210" /><testcase classname="tests.test_live_api.TestFiles" name="test_upload_exe_rejected" time="0.126" /><testcase classname="tests.test_live_api.TestAdminSettings" name="test_patch_settings_cgm_ok_worker_forbidden" time="0.197" /><testcase classname="tests.test_live_api.TestNotifications" name="test_manager_notifications_after_incident" time="0.225" /></testsuite></testsuites>