<?xml version="1.0" encoding="utf-8"?><testsuites name="pytest tests"><testsuite name="pytest" errors="0" failures="0" skipped="2" tests="28" time="445.222" timestamp="2026-07-21T13:24:26.781715+00:00" hostname="agent-env-dfc2cf3a-57cf-4364-87fc-51516562f774"><testcase classname="tests.live_prompt18_e2e" name="test_b0_cgm_login_and_demo_cast_discovery" time="6.695" /><testcase classname="tests.live_prompt18_e2e" name="test_b1_dept_workflow[ACCOUNTS]" time="29.718" /><testcase classname="tests.live_prompt18_e2e" name="test_b1_dept_workflow[ADMIN]" time="27.718" /><testcase classname="tests.live_prompt18_e2e" name="test_b1_dept_workflow[AGRICULTURE]" time="23.941" /><testcase classname="tests.live_prompt18_e2e" name="test_b1_dept_workflow[CANE_YARD]" time="24.129" /><testcase classname="tests.live_prompt18_e2e" name="test_b1_dept_workflow[CIVIL]" time="24.759" /><testcase classname="tests.live_prompt18_e2e" name="test_b1_dept_workflow[DISTILLERY]" time="27.709" /><testcase classname="tests.live_prompt18_e2e" name="test_b1_dept_workflow[ENGINEERING]" time="46.203" /><testcase classname="tests.live_prompt18_e2e" name="test_b1_dept_workflow[GODOWN]" time="33.039" /><testcase classname="tests.live_prompt18_e2e" name="test_b1_dept_workflow[PRODUCTION]" time="26.211" /><testcase classname="tests.live_prompt18_e2e" name="test_b1_dept_workflow[PURCHASE]" time="28.087" /><testcase classname="tests.live_prompt18_e2e" name="test_b1_dept_workflow[SECURITY]" time="27.013" /><testcase classname="tests.live_prompt18_e2e" name="test_b1_dept_workflow[STORE]" time="27.155" /><testcase classname="tests.live_prompt18_e2e" name="test_b1_dept_workflow[TIME_OFFICE]" time="23.416" /><testcase classname="tests.live_prompt18_e2e" name="test_b1_attendance_punchin[+919000000021]" time="8.858" /><testcase classname="tests.live_prompt18_e2e" name="test_b1_attendance_punchin[+919000000022]" time="7.367" /><testcase classname="tests.live_prompt18_e2e" name="test_b1_attendance_punchin[+919000000023]" time="7.069" /><testcase classname="tests.live_prompt18_e2e" name="test_b1_attendance_punchin[+919000000024]" time="5.453" /><testcase classname="tests.live_prompt18_e2e" name="test_b1_shift_swap_lifecycle[PRODUCTION]" time="4.553"><skipped type="pytest.skip" message="swap create 400: {&quot;detail&quot;:&quot;Both employees are on the same shift that day&quot;}">/app/backend/tests/live_prompt18_e2e.py:264: swap create 400: {"detail":"Both employees are on the same shift that day"}</skipped></testcase><testcase classname="tests.live_prompt18_e2e" name="test_b1_shift_swap_lifecycle[ENGINEERING]" time="4.399"><skipped type="pytest.skip" message="swap create 400: {&quot;detail&quot;:&quot;Both employees are on the same shift that day&quot;}">/app/backend/tests/live_prompt18_e2e.py:264: swap create 400: {"detail":"Both employees are on the same shift that day"}</skipped></testcase><testcase classname="tests.live_prompt18_e2e" name="test_b1_registration_send_otp_new_phone" time="1.859" /><testcase classname="tests.live_prompt18_e2e" name="test_b2_rapid_double_submit_no_dup_incident" time="13.531" /><testcase classname="tests.live_prompt18_e2e" name="test_b2_marathi_500char_plus_emoji_accepted" time="3.806" /><testcase classname="tests.live_prompt18_e2e" name="test_b2_incident_without_photo_ok_or_friendly_error" time="0.752" /><testcase classname="tests.live_prompt18_e2e" name="test_b2_wrong_otp_then_correct" time="5.907" /><testcase classname="tests.live_prompt18_e2e" name="test_b4_anpr_on_existing_detected_plate" time="2.838" /><testcase classname="tests.live_prompt18_e2e" name="test_b4_push_token_patch" time="1.625" /><testcase classname="tests.live_prompt18_e2e" name="test_final_no_real_data_created" time="1.369" /></testsuite></testsuites>