<?xml version="1.0" encoding="utf-8"?><testsuites name="pytest tests"><testsuite name="pytest" errors="0" failures="0" skipped="0" tests="14" time="4.036" timestamp="2026-07-15T09:28:48.553107+00:00" hostname="agent-env-dfc2cf3a-57cf-4364-87fc-51516562f774"><testcase classname="tests.phase5_scope_smoke.TestCGMScope" name="test_cgm_overview_has_13_departments" time="1.240" /><testcase classname="tests.phase5_scope_smoke.TestCGMScope" name="test_cgm_can_read_any_department" time="0.124" /><testcase classname="tests.phase5_scope_smoke.TestCGMScope" name="test_cgm_reports_endpoint" time="0.431" /><testcase classname="tests.phase5_scope_smoke.TestCGMScope" name="test_cgm_audit_endpoint" time="0.113" /><testcase classname="tests.phase5_scope_smoke.TestCGMScope" name="test_cgm_admin_employees_search" time="0.105" /><testcase classname="tests.phase5_scope_smoke.TestCGMScope" name="test_cgm_approvals_endpoint" time="0.097" /><testcase classname="tests.phase5_scope_smoke.TestManagerScope" name="test_eng_mgr_overview_only_engineering" time="0.697" /><testcase classname="tests.phase5_scope_smoke.TestManagerScope" name="test_eng_mgr_blocked_on_other_department" time="0.104" /><testcase classname="tests.phase5_scope_smoke.TestManagerScope" name="test_eng_mgr_can_read_own_department" time="0.103" /><testcase classname="tests.phase5_scope_smoke.TestManagerScope" name="test_eng_mgr_blocked_on_reports" time="0.095" /><testcase classname="tests.phase5_scope_smoke.TestManagerScope" name="test_eng_mgr_blocked_on_audit" time="0.094" /><testcase classname="tests.phase5_scope_smoke.TestManagerScope" name="test_eng_mgr_blocked_on_admin_employees" time="0.094" /><testcase classname="tests.phase5_scope_smoke.TestWorkerScope" name="test_worker_profile_rank_is_worker" time="0.595" /><testcase classname="tests.phase5_scope_smoke.TestWorkerScope" name="test_worker_blocked_on_overview" time="0.101" /></testsuite></testsuites>